<?xml version="1.0" encoding="UTF-8"?>
<testsuite xmlns:xsi="http://www.w3.org/2001/XMLSchema-instance" xsi:noNamespaceSchemaLocation="https://maven.apache.org/surefire/maven-surefire-plugin/xsd/surefire-test-report-3.0.xsd" version="3.0" name="com.yowayimono.order_food.OrderFoodApplicationTests" time="10.885" tests="1" errors="0" skipped="0" failures="0">
  <properties>
[...]
</properties>
  <testcase name="contextLoads" classname="com.yowayimono.order_food.OrderFoodApplicationTests" time="0.955">
    <system-out><![CDATA[Standard Commons Logging discovery in action with spring-jcl: please remove commons-logging.jar from classpath in order to avoid potential conflicts
17:08:13.209 [main] INFO org.springframework.test.context.support.AnnotationConfigContextLoaderUtils -- Could not detect default configuration classes for test class [com.yowayimono.order_food.OrderFoodApplicationTests]: OrderFoodApplicationTests does not declare any static, non-private, non-final, nested classes annotated with @Configuration.
17:08:13.387 [main] INFO org.springframework.boot.test.context.SpringBootTestContextBootstrapper -- Found @SpringBootConfiguration com.yowayimono.order_food.OrderFoodApplication for test class com.yowayimono.order_food.OrderFoodApplicationTests
   ____   _____   _____   ______  _____     ______  ____    ____   _____
  / __ \ |  __ \ |  __ \ |  ____||  __ \   |  ____|/ __ \  / __ \ |  __ \
 | |  | || |__) || |  | || |__   | |__) |  | |__  | |  | || |  | || |  | |
 | |  | ||  _  / | |  | ||  __|  |  _  /   |  __| | |  | || |  | || |  | |
 | |__| || | \ \ | |__| || |____ | | \ \   | |    | |__| || |__| || |__| |
  \____/ |_|  \_\|_____/ |______||_|  \_\  |_|     \____/  \____/ |_____/


2023-12-20T17:08:13.918+08:00  WARN 26508 --- [           main] ory$DuplicateJsonObjectContextCustomizer : 

Found multiple occurrences of org.json.JSONObject on the class path:

	jar:file:/C:/Users/zyh16/.m2/repository/com/vaadin/external/google/android-json/0.0.20131108.vaadin1/android-json-0.0.20131108.vaadin1.jar!/org/json/JSONObject.class
	jar:file:/C:/Users/zyh16/.m2/repository/org/json/json/20220320/json-20220320.jar!/org/json/JSONObject.class

You may wish to exclude one of them to ensure predictable runtime behavior

2023-12-20T17:08:13.939+08:00  INFO 26508 --- [           main] c.y.o.OrderFoodApplicationTests          : Starting OrderFoodApplicationTests using Java 17.0.9 with PID 26508 (started by zyh16 in C:\Users\zyh16\Desktop\Order_food)
2023-12-20T17:08:13.941+08:00  INFO 26508 --- [           main] c.y.o.OrderFoodApplicationTests          : No active profile set, falling back to 1 default profile: "default"
2023-12-20T17:08:14.963+08:00  INFO 26508 --- [           main] .s.d.r.c.RepositoryConfigurationDelegate : Multiple Spring Data modules found, entering strict repository configuration mode
2023-12-20T17:08:14.968+08:00  INFO 26508 --- [           main] .s.d.r.c.RepositoryConfigurationDelegate : Bootstrapping Spring Data Redis repositories in DEFAULT mode.
2023-12-20T17:08:15.007+08:00  INFO 26508 --- [           main] .s.d.r.c.RepositoryConfigurationDelegate : Finished Spring Data repository scanning in 23 ms. Found 0 Redis repository interfaces.
2023-12-20T17:08:15.459+08:00  INFO 26508 --- [           main] trationDelegate$BeanPostProcessorChecker : Bean 'org.springframework.ws.config.annotation.DelegatingWsConfiguration' of type [org.springframework.ws.config.annotation.DelegatingWsConfiguration$$SpringCGLIB$$0] is not eligible for getting processed by all BeanPostProcessors (for example: not eligible for auto-proxying)
2023-12-20T17:08:15.505+08:00  INFO 26508 --- [           main] .w.s.a.s.AnnotationActionEndpointMapping : Supporting [WS-Addressing August 2004, WS-Addressing 1.0]
 _ _   |_  _ _|_. ___ _ |    _ 
| | |\/|_)(_| | |_\  |_)||_|_\ 
     /               |         
                        3.5.3 
2023-12-20T17:08:17.410+08:00  WARN 26508 --- [           main] c.b.m.core.injector.AbstractMethod       : [com.yowayimono.order_food.mapper.DishTagMapper.update] Has been loaded by XML or SqlProvider or Mybatis's Annotation, so ignoring this injection for [class com.baomidou.mybatisplus.core.injector.methods.Update]
2023-12-20T17:08:17.422+08:00  WARN 26508 --- [           main] c.b.m.core.injector.AbstractMethod       : [com.yowayimono.order_food.mapper.DishTagMapper.deleteById] Has been loaded by XML or SqlProvider or Mybatis's Annotation, so ignoring this injection for [class com.baomidou.mybatisplus.core.injector.methods.DeleteById]
2023-12-20T17:08:18.285+08:00  INFO 26508 --- [           main] o.s.s.web.DefaultSecurityFilterChain     : Will secure any request with [org.springframework.security.web.session.DisableEncodeUrlFilter@757c685d, org.springframework.security.web.context.request.async.WebAsyncManagerIntegrationFilter@476a970c, org.springframework.security.web.context.SecurityContextHolderFilter@2560a7be, org.springframework.security.web.header.HeaderWriterFilter@36d39655, org.springframework.security.web.authentication.logout.LogoutFilter@7ac90dab, org.springframework.security.web.savedrequest.RequestCacheAwareFilter@59aa2fba, org.springframework.security.web.servletapi.SecurityContextHolderAwareRequestFilter@2fb70301, org.springframework.security.web.authentication.AnonymousAuthenticationFilter@1ce57bbb, org.springframework.security.web.access.ExceptionTranslationFilter@6fe243a]
2023-12-20T17:08:22.795+08:00  INFO 26508 --- [           main] c.y.o.OrderFoodApplicationTests          : Started OrderFoodApplicationTests in 9.226 seconds (process running for 10.755)
]]></system-out>
  </testcase>
</testsuite>