<?xml version="1.0" encoding="UTF-8"?>
<testsuite xmlns:xsi="http://www.w3.org/2001/XMLSchema-instance" xsi:noNamespaceSchemaLocation="https://maven.apache.org/surefire/maven-surefire-plugin/xsd/surefire-test-report-3.0.xsd" version="3.0" name="com.yowayimono.order_food.OrderFoodApplicationTests" time="5.646" tests="1" errors="0" skipped="0" failures="0">
  <properties>
[...]
</properties>
  <testcase name="contextLoads" classname="com.yowayimono.order_food.OrderFoodApplicationTests" time="0.657">
    <system-out><![CDATA[Standard Commons Logging discovery in action with spring-jcl: please remove commons-logging.jar from classpath in order to avoid potential conflicts
14:58:44.974 [main] INFO org.springframework.test.context.support.AnnotationConfigContextLoaderUtils -- Could not detect default configuration classes for test class [com.yowayimono.order_food.OrderFoodApplicationTests]: OrderFoodApplicationTests does not declare any static, non-private, non-final, nested classes annotated with @Configuration.
14:58:45.086 [main] INFO org.springframework.boot.test.context.SpringBootTestContextBootstrapper -- Found @SpringBootConfiguration com.yowayimono.order_food.OrderFoodApplication for test class com.yowayimono.order_food.OrderFoodApplicationTests

  .   ____          _            __ _ _
 /\\ / ___'_ __ _ _(_)_ __  __ _ \ \ \ \
( ( )\___ | '_ | '_| | '_ \/ _` | \ \ \ \
 \\/  ___)| |_)| | | | | || (_| |  ) ) ) )
  '  |____| .__|_| |_|_| |_\__, | / / / /
 =========|_|==============|___/=/_/_/_/
 :: Spring Boot ::                (v3.1.5)

2023-11-23T14:58:45.479+08:00  WARN 36324 --- [           main] ory$DuplicateJsonObjectContextCustomizer : 

Found multiple occurrences of org.json.JSONObject on the class path:

	jar:file:/C:/Users/zyh16/.m2/repository/com/vaadin/external/google/android-json/0.0.20131108.vaadin1/android-json-0.0.20131108.vaadin1.jar!/org/json/JSONObject.class
	jar:file:/C:/Users/zyh16/.m2/repository/org/json/json/20220320/json-20220320.jar!/org/json/JSONObject.class

You may wish to exclude one of them to ensure predictable runtime behavior

2023-11-23T14:58:45.494+08:00  INFO 36324 --- [           main] c.y.o.OrderFoodApplicationTests          : Starting OrderFoodApplicationTests using Java 21.0.1 with PID 36324 (started by zyh16 in C:\Users\zyh16\Desktop\Order_food)
2023-11-23T14:58:45.495+08:00  INFO 36324 --- [           main] c.y.o.OrderFoodApplicationTests          : No active profile set, falling back to 1 default profile: "default"
2023-11-23T14:58:46.333+08:00  INFO 36324 --- [           main] .s.d.r.c.RepositoryConfigurationDelegate : Multiple Spring Data modules found, entering strict repository configuration mode
2023-11-23T14:58:46.335+08:00  INFO 36324 --- [           main] .s.d.r.c.RepositoryConfigurationDelegate : Bootstrapping Spring Data Redis repositories in DEFAULT mode.
2023-11-23T14:58:46.371+08:00  INFO 36324 --- [           main] .s.d.r.c.RepositoryConfigurationDelegate : Finished Spring Data repository scanning in 20 ms. Found 0 Redis repository interfaces.
2023-11-23T14:58:46.727+08:00  INFO 36324 --- [           main] trationDelegate$BeanPostProcessorChecker : Bean 'org.springframework.ws.config.annotation.DelegatingWsConfiguration' of type [org.springframework.ws.config.annotation.DelegatingWsConfiguration$$SpringCGLIB$$0] is not eligible for getting processed by all BeanPostProcessors (for example: not eligible for auto-proxying)
2023-11-23T14:58:46.762+08:00  INFO 36324 --- [           main] .w.s.a.s.AnnotationActionEndpointMapping : Supporting [WS-Addressing August 2004, WS-Addressing 1.0]
 _ _   |_  _ _|_. ___ _ |    _ 
| | |\/|_)(_| | |_\  |_)||_|_\ 
     /               |         
                        3.5.3 
2023-11-23T14:58:48.161+08:00  INFO 36324 --- [           main] o.s.s.web.DefaultSecurityFilterChain     : Will secure any request with [org.springframework.security.web.session.DisableEncodeUrlFilter@2ecdcfe3, org.springframework.security.web.context.request.async.WebAsyncManagerIntegrationFilter@65b73689, org.springframework.security.web.context.SecurityContextHolderFilter@151659dd, org.springframework.security.web.header.HeaderWriterFilter@5d404a3c, org.springframework.security.web.authentication.logout.LogoutFilter@5a6efe33, org.springframework.security.web.savedrequest.RequestCacheAwareFilter@e8c84eb, org.springframework.security.web.servletapi.SecurityContextHolderAwareRequestFilter@4fa8297b, org.springframework.security.web.authentication.AnonymousAuthenticationFilter@2047adea, org.springframework.security.web.access.ExceptionTranslationFilter@6339e604]
2023-11-23T14:58:49.756+08:00  INFO 36324 --- [           main] c.y.o.OrderFoodApplicationTests          : Started OrderFoodApplicationTests in 4.528 seconds (process running for 5.468)
]]></system-out>
    <system-err><![CDATA[WARNING: A Java agent has been loaded dynamically (C:\Users\zyh16\.m2\repository\net\bytebuddy\byte-buddy-agent\1.14.9\byte-buddy-agent-1.14.9.jar)
WARNING: If a serviceability tool is in use, please run with -XX:+EnableDynamicAgentLoading to hide this warning
WARNING: If a serviceability tool is not in use, please run with -Djdk.instrument.traceUsage for more information
WARNING: Dynamic loading of agents will be disallowed by default in a future release
]]></system-err>
  </testcase>
</testsuite>